Conversion run started at 2026-05-10 18:40:18
Working directory: /home/gpca/harbinger

================================================================================
[2026-05-10 18:42:53] rmd->docx
file: Rmd/anomalies/19-regression-ml-hanr_ml_lstm.Rmd
message: Specified version of python 'c:/python/python.exe' does not exist.
call: reticulate::use_python("c:/python/python.exe", required = TRUE)
stack:
001: source("~/harbinger/Rmd/conversor.R")
002: withVisible(eval(ei, envir))
003: eval(ei, envir)
004: eval(ei, envir)
005: run_phase(texs, "rmd->docx", convert_rmd_docx)
006: tryCatch({     converter(input)     list(ok = TRUE, input = input, phase = phase, message = NULL) }, error = function(err) {     record_condition(phase, input, err)     list(ok = FALSE, input = input, phase = phase, message = conditionMessage(err)) })
007: tryCatchList(expr, classes, parentenv, handlers)
008: tryCatchOne(expr, names, parentenv, handlers[[1L]])
009: value[[3L]](cond)
010: record_condition(phase, input, err)

================================================================================
[2026-05-10 18:42:53] rmd->docx
file: Rmd/anomalies/20-regression-ml-hanr_ml_conv1d.Rmd
message: Specified version of python 'c:/python/python.exe' does not exist.
call: reticulate::use_python("c:/python/python.exe", required = TRUE)
stack:
001: source("~/harbinger/Rmd/conversor.R")
002: withVisible(eval(ei, envir))
003: eval(ei, envir)
004: eval(ei, envir)
005: run_phase(texs, "rmd->docx", convert_rmd_docx)
006: tryCatch({     converter(input)     list(ok = TRUE, input = input, phase = phase, message = NULL) }, error = function(err) {     record_condition(phase, input, err)     list(ok = FALSE, input = input, phase = phase, message = conditionMessage(err)) })
007: tryCatchList(expr, classes, parentenv, handlers)
008: tryCatchOne(expr, names, parentenv, handlers[[1L]])
009: value[[3L]](cond)
010: record_condition(phase, input, err)

================================================================================
[2026-05-10 18:43:11] rmd->docx
file: Rmd/anomalies/34-autoencoder-han_autoenc_ed.Rmd
message: Specified version of python 'c:/python/python.exe' does not exist.
call: reticulate::use_python("c:/python/python.exe", required = TRUE)
stack:
001: source("~/harbinger/Rmd/conversor.R")
002: withVisible(eval(ei, envir))
003: eval(ei, envir)
004: eval(ei, envir)
005: run_phase(texs, "rmd->docx", convert_rmd_docx)
006: tryCatch({     converter(input)     list(ok = TRUE, input = input, phase = phase, message = NULL) }, error = function(err) {     record_condition(phase, input, err)     list(ok = FALSE, input = input, phase = phase, message = conditionMessage(err)) })
007: tryCatchList(expr, classes, parentenv, handlers)
008: tryCatchOne(expr, names, parentenv, handlers[[1L]])
009: value[[3L]](cond)
010: record_condition(phase, input, err)

================================================================================
[2026-05-10 18:43:11] rmd->docx
file: Rmd/anomalies/35-autoencoder-han_autoenc_denoise_ed.Rmd
message: Specified version of python 'c:/python/python.exe' does not exist.
call: reticulate::use_python("c:/python/python.exe", required = TRUE)
stack:
001: source("~/harbinger/Rmd/conversor.R")
002: withVisible(eval(ei, envir))
003: eval(ei, envir)
004: eval(ei, envir)
005: run_phase(texs, "rmd->docx", convert_rmd_docx)
006: tryCatch({     converter(input)     list(ok = TRUE, input = input, phase = phase, message = NULL) }, error = function(err) {     record_condition(phase, input, err)     list(ok = FALSE, input = input, phase = phase, message = conditionMessage(err)) })
007: tryCatchList(expr, classes, parentenv, handlers)
008: tryCatchOne(expr, names, parentenv, handlers[[1L]])
009: value[[3L]](cond)
010: record_condition(phase, input, err)

================================================================================
[2026-05-10 18:43:11] rmd->docx
file: Rmd/anomalies/36-autoencoder-han_autoenc_conv_ed.Rmd
message: Specified version of python 'c:/python/python.exe' does not exist.
call: reticulate::use_python("c:/python/python.exe", required = TRUE)
stack:
001: source("~/harbinger/Rmd/conversor.R")
002: withVisible(eval(ei, envir))
003: eval(ei, envir)
004: eval(ei, envir)
005: run_phase(texs, "rmd->docx", convert_rmd_docx)
006: tryCatch({     converter(input)     list(ok = TRUE, input = input, phase = phase, message = NULL) }, error = function(err) {     record_condition(phase, input, err)     list(ok = FALSE, input = input, phase = phase, message = conditionMessage(err)) })
007: tryCatchList(expr, classes, parentenv, handlers)
008: tryCatchOne(expr, names, parentenv, handlers[[1L]])
009: value[[3L]](cond)
010: record_condition(phase, input, err)

================================================================================
[2026-05-10 18:43:11] rmd->docx
file: Rmd/anomalies/37-autoencoder-han_autoenc_lstm_ed.Rmd
message: Specified version of python 'c:/python/python.exe' does not exist.
call: reticulate::use_python("c:/python/python.exe", required = TRUE)
stack:
001: source("~/harbinger/Rmd/conversor.R")
002: withVisible(eval(ei, envir))
003: eval(ei, envir)
004: eval(ei, envir)
005: run_phase(texs, "rmd->docx", convert_rmd_docx)
006: tryCatch({     converter(input)     list(ok = TRUE, input = input, phase = phase, message = NULL) }, error = function(err) {     record_condition(phase, input, err)     list(ok = FALSE, input = input, phase = phase, message = conditionMessage(err)) })
007: tryCatchList(expr, classes, parentenv, handlers)
008: tryCatchOne(expr, names, parentenv, handlers[[1L]])
009: value[[3L]](cond)
010: record_condition(phase, input, err)

================================================================================
[2026-05-10 18:43:11] rmd->docx
file: Rmd/anomalies/38-autoencoder-han_autoenc_stacked_ed.Rmd
message: Specified version of python 'c:/python/python.exe' does not exist.
call: reticulate::use_python("c:/python/python.exe", required = TRUE)
stack:
001: source("~/harbinger/Rmd/conversor.R")
002: withVisible(eval(ei, envir))
003: eval(ei, envir)
004: eval(ei, envir)
005: run_phase(texs, "rmd->docx", convert_rmd_docx)
006: tryCatch({     converter(input)     list(ok = TRUE, input = input, phase = phase, message = NULL) }, error = function(err) {     record_condition(phase, input, err)     list(ok = FALSE, input = input, phase = phase, message = conditionMessage(err)) })
007: tryCatchList(expr, classes, parentenv, handlers)
008: tryCatchOne(expr, names, parentenv, handlers[[1L]])
009: value[[3L]](cond)
010: record_condition(phase, input, err)

================================================================================
[2026-05-10 18:43:11] rmd->docx
file: Rmd/anomalies/39-autoencoder-han_autoenc_variational_ed.Rmd
message: Specified version of python 'c:/python/python.exe' does not exist.
call: reticulate::use_python("c:/python/python.exe", required = TRUE)
stack:
001: source("~/harbinger/Rmd/conversor.R")
002: withVisible(eval(ei, envir))
003: eval(ei, envir)
004: eval(ei, envir)
005: run_phase(texs, "rmd->docx", convert_rmd_docx)
006: tryCatch({     converter(input)     list(ok = TRUE, input = input, phase = phase, message = NULL) }, error = function(err) {     record_condition(phase, input, err)     list(ok = FALSE, input = input, phase = phase, message = conditionMessage(err)) })
007: tryCatchList(expr, classes, parentenv, handlers)
008: tryCatchOne(expr, names, parentenv, handlers[[1L]])
009: value[[3L]](cond)
010: record_condition(phase, input, err)

================================================================================
[2026-05-10 18:43:11] rmd->docx
file: Rmd/anomalies/40-autoencoder-han_autoenc_adv_ed.Rmd
message: Specified version of python 'c:/python/python.exe' does not exist.
call: reticulate::use_python("c:/python/python.exe", required = TRUE)
stack:
001: source("~/harbinger/Rmd/conversor.R")
002: withVisible(eval(ei, envir))
003: eval(ei, envir)
004: eval(ei, envir)
005: run_phase(texs, "rmd->docx", convert_rmd_docx)
006: tryCatch({     converter(input)     list(ok = TRUE, input = input, phase = phase, message = NULL) }, error = function(err) {     record_condition(phase, input, err)     list(ok = FALSE, input = input, phase = phase, message = conditionMessage(err)) })
007: tryCatchList(expr, classes, parentenv, handlers)
008: tryCatchOne(expr, names, parentenv, handlers[[1L]])
009: value[[3L]](cond)
010: record_condition(phase, input, err)

================================================================================
[2026-05-10 18:44:17] rmd->docx
file: Rmd/general/06-utilities-examples_filter_criteria_candidate_selection.Rmd
message: argument "values" is missing, with no default
call: hutils$har_candidate_selection_referencedistribution(candidate_idx,      res_sequence, history_size = 30, distribution = "gaussian",      sigma_level = 3)
stack:
001: source("~/harbinger/Rmd/conversor.R")
002: withVisible(eval(ei, envir))
003: eval(ei, envir)
004: eval(ei, envir)
005: run_phase(texs, "rmd->docx", convert_rmd_docx)
006: tryCatch({     converter(input)     list(ok = TRUE, input = input, phase = phase, message = NULL) }, error = function(err) {     record_condition(phase, input, err)     list(ok = FALSE, input = input, phase = phase, message = conditionMessage(err)) })
007: tryCatchList(expr, classes, parentenv, handlers)
008: tryCatchOne(expr, names, parentenv, handlers[[1L]])
009: value[[3L]](cond)
010: record_condition(phase, input, err)
