Conversion run started at 2026-05-07 17:06:38
Working directory: C:/Git/dal/harbinger

================================================================================
[2026-05-07 17:08:49] rmd->docx
file: Rmd/anomalies/19-regression-ml-hanr_ml_lstm.Rmd
message: Installation of Python not found, Python bindings not loaded.
See the Python "Order of Discovery" here: https://rstudio.github.io/reticulate/articles/versions.html#order-of-discovery.
call: NULL
stack:
001: run_phase(texs, "rmd->docx", convert_rmd_docx)
002: tryCatch({     converter(input)     list(ok = TRUE, input = input, phase = phase, message = NULL) }, error = function(err) {     record_condition(phase, input, err)     list(ok = FALSE, input = input, phase = phase, message = conditionMessage(err)) })
003: tryCatchList(expr, classes, parentenv, handlers)
004: tryCatchOne(expr, names, parentenv, handlers[[1L]])
005: value[[3L]](cond)
006: record_condition(phase, input, err)

================================================================================
[2026-05-07 17:08:50] rmd->docx
file: Rmd/anomalies/20-regression-ml-hanr_ml_conv1d.Rmd
message: Installation of Python not found, Python bindings not loaded.
See the Python "Order of Discovery" here: https://rstudio.github.io/reticulate/articles/versions.html#order-of-discovery.
call: NULL
stack:
001: run_phase(texs, "rmd->docx", convert_rmd_docx)
002: tryCatch({     converter(input)     list(ok = TRUE, input = input, phase = phase, message = NULL) }, error = function(err) {     record_condition(phase, input, err)     list(ok = FALSE, input = input, phase = phase, message = conditionMessage(err)) })
003: tryCatchList(expr, classes, parentenv, handlers)
004: tryCatchOne(expr, names, parentenv, handlers[[1L]])
005: value[[3L]](cond)
006: record_condition(phase, input, err)

================================================================================
[2026-05-07 17:09:08] rmd->docx
file: Rmd/anomalies/34-autoencoder-han_autoenc_ed.Rmd
message: Installation of Python not found, Python bindings not loaded.
See the Python "Order of Discovery" here: https://rstudio.github.io/reticulate/articles/versions.html#order-of-discovery.
call: NULL
stack:
001: run_phase(texs, "rmd->docx", convert_rmd_docx)
002: tryCatch({     converter(input)     list(ok = TRUE, input = input, phase = phase, message = NULL) }, error = function(err) {     record_condition(phase, input, err)     list(ok = FALSE, input = input, phase = phase, message = conditionMessage(err)) })
003: tryCatchList(expr, classes, parentenv, handlers)
004: tryCatchOne(expr, names, parentenv, handlers[[1L]])
005: value[[3L]](cond)
006: record_condition(phase, input, err)

================================================================================
[2026-05-07 17:09:09] rmd->docx
file: Rmd/anomalies/35-autoencoder-han_autoenc_denoise_ed.Rmd
message: Installation of Python not found, Python bindings not loaded.
See the Python "Order of Discovery" here: https://rstudio.github.io/reticulate/articles/versions.html#order-of-discovery.
call: NULL
stack:
001: run_phase(texs, "rmd->docx", convert_rmd_docx)
002: tryCatch({     converter(input)     list(ok = TRUE, input = input, phase = phase, message = NULL) }, error = function(err) {     record_condition(phase, input, err)     list(ok = FALSE, input = input, phase = phase, message = conditionMessage(err)) })
003: tryCatchList(expr, classes, parentenv, handlers)
004: tryCatchOne(expr, names, parentenv, handlers[[1L]])
005: value[[3L]](cond)
006: record_condition(phase, input, err)

================================================================================
[2026-05-07 17:09:10] rmd->docx
file: Rmd/anomalies/36-autoencoder-han_autoenc_conv_ed.Rmd
message: Installation of Python not found, Python bindings not loaded.
See the Python "Order of Discovery" here: https://rstudio.github.io/reticulate/articles/versions.html#order-of-discovery.
call: NULL
stack:
001: run_phase(texs, "rmd->docx", convert_rmd_docx)
002: tryCatch({     converter(input)     list(ok = TRUE, input = input, phase = phase, message = NULL) }, error = function(err) {     record_condition(phase, input, err)     list(ok = FALSE, input = input, phase = phase, message = conditionMessage(err)) })
003: tryCatchList(expr, classes, parentenv, handlers)
004: tryCatchOne(expr, names, parentenv, handlers[[1L]])
005: value[[3L]](cond)
006: record_condition(phase, input, err)

================================================================================
[2026-05-07 17:09:11] rmd->docx
file: Rmd/anomalies/37-autoencoder-han_autoenc_lstm_ed.Rmd
message: Installation of Python not found, Python bindings not loaded.
See the Python "Order of Discovery" here: https://rstudio.github.io/reticulate/articles/versions.html#order-of-discovery.
call: NULL
stack:
001: run_phase(texs, "rmd->docx", convert_rmd_docx)
002: tryCatch({     converter(input)     list(ok = TRUE, input = input, phase = phase, message = NULL) }, error = function(err) {     record_condition(phase, input, err)     list(ok = FALSE, input = input, phase = phase, message = conditionMessage(err)) })
003: tryCatchList(expr, classes, parentenv, handlers)
004: tryCatchOne(expr, names, parentenv, handlers[[1L]])
005: value[[3L]](cond)
006: record_condition(phase, input, err)

================================================================================
[2026-05-07 17:09:13] rmd->docx
file: Rmd/anomalies/38-autoencoder-han_autoenc_stacked_ed.Rmd
message: Installation of Python not found, Python bindings not loaded.
See the Python "Order of Discovery" here: https://rstudio.github.io/reticulate/articles/versions.html#order-of-discovery.
call: NULL
stack:
001: run_phase(texs, "rmd->docx", convert_rmd_docx)
002: tryCatch({     converter(input)     list(ok = TRUE, input = input, phase = phase, message = NULL) }, error = function(err) {     record_condition(phase, input, err)     list(ok = FALSE, input = input, phase = phase, message = conditionMessage(err)) })
003: tryCatchList(expr, classes, parentenv, handlers)
004: tryCatchOne(expr, names, parentenv, handlers[[1L]])
005: value[[3L]](cond)
006: record_condition(phase, input, err)

================================================================================
[2026-05-07 17:09:13] rmd->docx
file: Rmd/anomalies/39-autoencoder-han_autoenc_variational_ed.Rmd
message: Installation of Python not found, Python bindings not loaded.
See the Python "Order of Discovery" here: https://rstudio.github.io/reticulate/articles/versions.html#order-of-discovery.
call: NULL
stack:
001: run_phase(texs, "rmd->docx", convert_rmd_docx)
002: tryCatch({     converter(input)     list(ok = TRUE, input = input, phase = phase, message = NULL) }, error = function(err) {     record_condition(phase, input, err)     list(ok = FALSE, input = input, phase = phase, message = conditionMessage(err)) })
003: tryCatchList(expr, classes, parentenv, handlers)
004: tryCatchOne(expr, names, parentenv, handlers[[1L]])
005: value[[3L]](cond)
006: record_condition(phase, input, err)

================================================================================
[2026-05-07 17:09:14] rmd->docx
file: Rmd/anomalies/40-autoencoder-han_autoenc_adv_ed.Rmd
message: Installation of Python not found, Python bindings not loaded.
See the Python "Order of Discovery" here: https://rstudio.github.io/reticulate/articles/versions.html#order-of-discovery.
call: NULL
stack:
001: run_phase(texs, "rmd->docx", convert_rmd_docx)
002: tryCatch({     converter(input)     list(ok = TRUE, input = input, phase = phase, message = NULL) }, error = function(err) {     record_condition(phase, input, err)     list(ok = FALSE, input = input, phase = phase, message = conditionMessage(err)) })
003: tryCatchList(expr, classes, parentenv, handlers)
004: tryCatchOne(expr, names, parentenv, handlers[[1L]])
005: value[[3L]](cond)
006: record_condition(phase, input, err)

================================================================================
[2026-05-07 17:09:26] rmd->docx
file: Rmd/change_point/14-bocpd-hcp_bocpd.Rmd
message: could not find function "hcp_bocpd"
call: hcp_bocpd(hazard = 100, dist = "gaussian", threshold = 0.5)
stack:
001: run_phase(texs, "rmd->docx", convert_rmd_docx)
002: tryCatch({     converter(input)     list(ok = TRUE, input = input, phase = phase, message = NULL) }, error = function(err) {     record_condition(phase, input, err)     list(ok = FALSE, input = input, phase = phase, message = conditionMessage(err)) })
003: tryCatchList(expr, classes, parentenv, handlers)
004: tryCatchOne(expr, names, parentenv, handlers[[1L]])
005: value[[3L]](cond)
006: record_condition(phase, input, err)

================================================================================
[2026-05-07 17:09:26] rmd->docx
file: Rmd/change_point/15-ensemble-fuzzy-har_ensemble_fuzzy.Rmd
message: could not find function "har_ensemble_fuzzy"
call: har_ensemble_fuzzy(hcp_amoc(), hcp_pelt(), hcp_cf_lr())
stack:
001: run_phase(texs, "rmd->docx", convert_rmd_docx)
002: tryCatch({     converter(input)     list(ok = TRUE, input = input, phase = phase, message = NULL) }, error = function(err) {     record_condition(phase, input, err)     list(ok = FALSE, input = input, phase = phase, message = conditionMessage(err)) })
003: tryCatchList(expr, classes, parentenv, handlers)
004: tryCatchOne(expr, names, parentenv, handlers[[1L]])
005: value[[3L]](cond)
006: record_condition(phase, input, err)

================================================================================
[2026-05-07 17:09:26] rmd->docx
file: Rmd/change_point/16-plot-ensemble-har_plot_ensemble.Rmd
message: could not find function "har_ensemble_fuzzy"
call: har_ensemble_fuzzy(hcp_amoc(), hcp_pelt(), hcp_cf_lr())
stack:
001: run_phase(texs, "rmd->docx", convert_rmd_docx)
002: tryCatch({     converter(input)     list(ok = TRUE, input = input, phase = phase, message = NULL) }, error = function(err) {     record_condition(phase, input, err)     list(ok = FALSE, input = input, phase = phase, message = conditionMessage(err)) })
003: tryCatchList(expr, classes, parentenv, handlers)
004: tryCatchOne(expr, names, parentenv, handlers[[1L]])
005: value[[3L]](cond)
006: record_condition(phase, input, err)
