Conversion run started at 2026-05-09 19:36:55
Working directory: C:/Git/dal/harbinger

================================================================================
[2026-05-09 19:40:47] rmd->docx
file: Rmd/anomalies/19-regression-ml-hanr_ml_lstm.Rmd
message: Installation of Python not found, Python bindings not loaded.
See the Python "Order of Discovery" here: https://rstudio.github.io/reticulate/articles/versions.html#order-of-discovery.
call: NULL
stack:
001: run_phase(texs, "rmd->docx", convert_rmd_docx)
002: tryCatch({     converter(input)     list(ok = TRUE, input = input, phase = phase, message = NULL) }, error = function(err) {     record_condition(phase, input, err)     list(ok = FALSE, input = input, phase = phase, message = conditionMessage(err)) })
003: tryCatchList(expr, classes, parentenv, handlers)
004: tryCatchOne(expr, names, parentenv, handlers[[1L]])
005: value[[3L]](cond)
006: record_condition(phase, input, err)

================================================================================
[2026-05-09 19:40:48] rmd->docx
file: Rmd/anomalies/20-regression-ml-hanr_ml_conv1d.Rmd
message: Installation of Python not found, Python bindings not loaded.
See the Python "Order of Discovery" here: https://rstudio.github.io/reticulate/articles/versions.html#order-of-discovery.
call: NULL
stack:
001: run_phase(texs, "rmd->docx", convert_rmd_docx)
002: tryCatch({     converter(input)     list(ok = TRUE, input = input, phase = phase, message = NULL) }, error = function(err) {     record_condition(phase, input, err)     list(ok = FALSE, input = input, phase = phase, message = conditionMessage(err)) })
003: tryCatchList(expr, classes, parentenv, handlers)
004: tryCatchOne(expr, names, parentenv, handlers[[1L]])
005: value[[3L]](cond)
006: record_condition(phase, input, err)

================================================================================
[2026-05-09 19:41:13] rmd->docx
file: Rmd/anomalies/34-autoencoder-han_autoenc_ed.Rmd
message: Installation of Python not found, Python bindings not loaded.
See the Python "Order of Discovery" here: https://rstudio.github.io/reticulate/articles/versions.html#order-of-discovery.
call: NULL
stack:
001: run_phase(texs, "rmd->docx", convert_rmd_docx)
002: tryCatch({     converter(input)     list(ok = TRUE, input = input, phase = phase, message = NULL) }, error = function(err) {     record_condition(phase, input, err)     list(ok = FALSE, input = input, phase = phase, message = conditionMessage(err)) })
003: tryCatchList(expr, classes, parentenv, handlers)
004: tryCatchOne(expr, names, parentenv, handlers[[1L]])
005: value[[3L]](cond)
006: record_condition(phase, input, err)

================================================================================
[2026-05-09 19:41:14] rmd->docx
file: Rmd/anomalies/35-autoencoder-han_autoenc_denoise_ed.Rmd
message: Installation of Python not found, Python bindings not loaded.
See the Python "Order of Discovery" here: https://rstudio.github.io/reticulate/articles/versions.html#order-of-discovery.
call: NULL
stack:
001: run_phase(texs, "rmd->docx", convert_rmd_docx)
002: tryCatch({     converter(input)     list(ok = TRUE, input = input, phase = phase, message = NULL) }, error = function(err) {     record_condition(phase, input, err)     list(ok = FALSE, input = input, phase = phase, message = conditionMessage(err)) })
003: tryCatchList(expr, classes, parentenv, handlers)
004: tryCatchOne(expr, names, parentenv, handlers[[1L]])
005: value[[3L]](cond)
006: record_condition(phase, input, err)

================================================================================
[2026-05-09 19:41:15] rmd->docx
file: Rmd/anomalies/36-autoencoder-han_autoenc_conv_ed.Rmd
message: Installation of Python not found, Python bindings not loaded.
See the Python "Order of Discovery" here: https://rstudio.github.io/reticulate/articles/versions.html#order-of-discovery.
call: NULL
stack:
001: run_phase(texs, "rmd->docx", convert_rmd_docx)
002: tryCatch({     converter(input)     list(ok = TRUE, input = input, phase = phase, message = NULL) }, error = function(err) {     record_condition(phase, input, err)     list(ok = FALSE, input = input, phase = phase, message = conditionMessage(err)) })
003: tryCatchList(expr, classes, parentenv, handlers)
004: tryCatchOne(expr, names, parentenv, handlers[[1L]])
005: value[[3L]](cond)
006: record_condition(phase, input, err)

================================================================================
[2026-05-09 19:41:16] rmd->docx
file: Rmd/anomalies/37-autoencoder-han_autoenc_lstm_ed.Rmd
message: Installation of Python not found, Python bindings not loaded.
See the Python "Order of Discovery" here: https://rstudio.github.io/reticulate/articles/versions.html#order-of-discovery.
call: NULL
stack:
001: run_phase(texs, "rmd->docx", convert_rmd_docx)
002: tryCatch({     converter(input)     list(ok = TRUE, input = input, phase = phase, message = NULL) }, error = function(err) {     record_condition(phase, input, err)     list(ok = FALSE, input = input, phase = phase, message = conditionMessage(err)) })
003: tryCatchList(expr, classes, parentenv, handlers)
004: tryCatchOne(expr, names, parentenv, handlers[[1L]])
005: value[[3L]](cond)
006: record_condition(phase, input, err)

================================================================================
[2026-05-09 19:41:17] rmd->docx
file: Rmd/anomalies/38-autoencoder-han_autoenc_stacked_ed.Rmd
message: Installation of Python not found, Python bindings not loaded.
See the Python "Order of Discovery" here: https://rstudio.github.io/reticulate/articles/versions.html#order-of-discovery.
call: NULL
stack:
001: run_phase(texs, "rmd->docx", convert_rmd_docx)
002: tryCatch({     converter(input)     list(ok = TRUE, input = input, phase = phase, message = NULL) }, error = function(err) {     record_condition(phase, input, err)     list(ok = FALSE, input = input, phase = phase, message = conditionMessage(err)) })
003: tryCatchList(expr, classes, parentenv, handlers)
004: tryCatchOne(expr, names, parentenv, handlers[[1L]])
005: value[[3L]](cond)
006: record_condition(phase, input, err)

================================================================================
[2026-05-09 19:41:18] rmd->docx
file: Rmd/anomalies/39-autoencoder-han_autoenc_variational_ed.Rmd
message: Installation of Python not found, Python bindings not loaded.
See the Python "Order of Discovery" here: https://rstudio.github.io/reticulate/articles/versions.html#order-of-discovery.
call: NULL
stack:
001: run_phase(texs, "rmd->docx", convert_rmd_docx)
002: tryCatch({     converter(input)     list(ok = TRUE, input = input, phase = phase, message = NULL) }, error = function(err) {     record_condition(phase, input, err)     list(ok = FALSE, input = input, phase = phase, message = conditionMessage(err)) })
003: tryCatchList(expr, classes, parentenv, handlers)
004: tryCatchOne(expr, names, parentenv, handlers[[1L]])
005: value[[3L]](cond)
006: record_condition(phase, input, err)

================================================================================
[2026-05-09 19:41:19] rmd->docx
file: Rmd/anomalies/40-autoencoder-han_autoenc_adv_ed.Rmd
message: Installation of Python not found, Python bindings not loaded.
See the Python "Order of Discovery" here: https://rstudio.github.io/reticulate/articles/versions.html#order-of-discovery.
call: NULL
stack:
001: run_phase(texs, "rmd->docx", convert_rmd_docx)
002: tryCatch({     converter(input)     list(ok = TRUE, input = input, phase = phase, message = NULL) }, error = function(err) {     record_condition(phase, input, err)     list(ok = FALSE, input = input, phase = phase, message = conditionMessage(err)) })
003: tryCatchList(expr, classes, parentenv, handlers)
004: tryCatchOne(expr, names, parentenv, handlers[[1L]])
005: value[[3L]](cond)
006: record_condition(phase, input, err)

================================================================================
[2026-05-09 19:41:37] rmd->docx
file: Rmd/change_point/15-ensemble-fuzzy-har_ensemble_fuzzy.Rmd
message: object 'har_deviation_l1' not found
call: harutils()
stack:
001: run_phase(texs, "rmd->docx", convert_rmd_docx)
002: tryCatch({     converter(input)     list(ok = TRUE, input = input, phase = phase, message = NULL) }, error = function(err) {     record_condition(phase, input, err)     list(ok = FALSE, input = input, phase = phase, message = conditionMessage(err)) })
003: tryCatchList(expr, classes, parentenv, handlers)
004: tryCatchOne(expr, names, parentenv, handlers[[1L]])
005: value[[3L]](cond)
006: record_condition(phase, input, err)

================================================================================
[2026-05-09 19:41:37] rmd->docx
file: Rmd/change_point/16-plot-ensemble-har_plot_ensemble.Rmd
message: object 'har_deviation_l1' not found
call: harutils()
stack:
001: run_phase(texs, "rmd->docx", convert_rmd_docx)
002: tryCatch({     converter(input)     list(ok = TRUE, input = input, phase = phase, message = NULL) }, error = function(err) {     record_condition(phase, input, err)     list(ok = FALSE, input = input, phase = phase, message = conditionMessage(err)) })
003: tryCatchList(expr, classes, parentenv, handlers)
004: tryCatchOne(expr, names, parentenv, handlers[[1L]])
005: value[[3L]](cond)
006: record_condition(phase, input, err)

================================================================================
[2026-05-09 19:43:02] rmd->docx
file: Rmd/general/05-utilities-examples_harutils_distance.Rmd
message: object 'har_deviation_l1' not found
call: harutils()
stack:
001: run_phase(texs, "rmd->docx", convert_rmd_docx)
002: tryCatch({     converter(input)     list(ok = TRUE, input = input, phase = phase, message = NULL) }, error = function(err) {     record_condition(phase, input, err)     list(ok = FALSE, input = input, phase = phase, message = conditionMessage(err)) })
003: tryCatchList(expr, classes, parentenv, handlers)
004: tryCatchOne(expr, names, parentenv, handlers[[1L]])
005: value[[3L]](cond)
006: record_condition(phase, input, err)

================================================================================
[2026-05-09 19:43:02] rmd->docx
file: Rmd/general/06-utilities-examples_harutils_outliers.Rmd
message: object 'har_deviation_l1' not found
call: harutils()
stack:
001: run_phase(texs, "rmd->docx", convert_rmd_docx)
002: tryCatch({     converter(input)     list(ok = TRUE, input = input, phase = phase, message = NULL) }, error = function(err) {     record_condition(phase, input, err)     list(ok = FALSE, input = input, phase = phase, message = conditionMessage(err)) })
003: tryCatchList(expr, classes, parentenv, handlers)
004: tryCatchOne(expr, names, parentenv, handlers[[1L]])
005: value[[3L]](cond)
006: record_condition(phase, input, err)
