Conversion run started at 2026-05-07 16:06:59
Working directory: C:/Git/dal/harbinger

================================================================================
[2026-05-07 16:09:30] rmd->docx
file: Rmd/anomalies/19-regression-ml-hanr_ml_lstm.Rmd
message: Installation of Python not found, Python bindings not loaded.
See the Python "Order of Discovery" here: https://rstudio.github.io/reticulate/articles/versions.html#order-of-discovery.
call: NULL
stack:
001: run_phase(texs, "rmd->docx", convert_rmd_docx)
002: tryCatch({     converter(input)     list(ok = TRUE, input = input, phase = phase, message = NULL) }, error = function(err) {     record_condition(phase, input, err)     list(ok = FALSE, input = input, phase = phase, message = conditionMessage(err)) })
003: tryCatchList(expr, classes, parentenv, handlers)
004: tryCatchOne(expr, names, parentenv, handlers[[1L]])
005: value[[3L]](cond)
006: record_condition(phase, input, err)

================================================================================
[2026-05-07 16:09:31] rmd->docx
file: Rmd/anomalies/20-regression-ml-hanr_ml_conv1d.Rmd
message: Installation of Python not found, Python bindings not loaded.
See the Python "Order of Discovery" here: https://rstudio.github.io/reticulate/articles/versions.html#order-of-discovery.
call: NULL
stack:
001: run_phase(texs, "rmd->docx", convert_rmd_docx)
002: tryCatch({     converter(input)     list(ok = TRUE, input = input, phase = phase, message = NULL) }, error = function(err) {     record_condition(phase, input, err)     list(ok = FALSE, input = input, phase = phase, message = conditionMessage(err)) })
003: tryCatchList(expr, classes, parentenv, handlers)
004: tryCatchOne(expr, names, parentenv, handlers[[1L]])
005: value[[3L]](cond)
006: record_condition(phase, input, err)

================================================================================
[2026-05-07 16:09:49] rmd->docx
file: Rmd/anomalies/34-autoencoder-han_autoenc_ed.Rmd
message: Installation of Python not found, Python bindings not loaded.
See the Python "Order of Discovery" here: https://rstudio.github.io/reticulate/articles/versions.html#order-of-discovery.
call: NULL
stack:
001: run_phase(texs, "rmd->docx", convert_rmd_docx)
002: tryCatch({     converter(input)     list(ok = TRUE, input = input, phase = phase, message = NULL) }, error = function(err) {     record_condition(phase, input, err)     list(ok = FALSE, input = input, phase = phase, message = conditionMessage(err)) })
003: tryCatchList(expr, classes, parentenv, handlers)
004: tryCatchOne(expr, names, parentenv, handlers[[1L]])
005: value[[3L]](cond)
006: record_condition(phase, input, err)

================================================================================
[2026-05-07 16:09:50] rmd->docx
file: Rmd/anomalies/35-autoencoder-han_autoenc_denoise_ed.Rmd
message: Installation of Python not found, Python bindings not loaded.
See the Python "Order of Discovery" here: https://rstudio.github.io/reticulate/articles/versions.html#order-of-discovery.
call: NULL
stack:
001: run_phase(texs, "rmd->docx", convert_rmd_docx)
002: tryCatch({     converter(input)     list(ok = TRUE, input = input, phase = phase, message = NULL) }, error = function(err) {     record_condition(phase, input, err)     list(ok = FALSE, input = input, phase = phase, message = conditionMessage(err)) })
003: tryCatchList(expr, classes, parentenv, handlers)
004: tryCatchOne(expr, names, parentenv, handlers[[1L]])
005: value[[3L]](cond)
006: record_condition(phase, input, err)

================================================================================
[2026-05-07 16:09:51] rmd->docx
file: Rmd/anomalies/36-autoencoder-han_autoenc_conv_ed.Rmd
message: Installation of Python not found, Python bindings not loaded.
See the Python "Order of Discovery" here: https://rstudio.github.io/reticulate/articles/versions.html#order-of-discovery.
call: NULL
stack:
001: run_phase(texs, "rmd->docx", convert_rmd_docx)
002: tryCatch({     converter(input)     list(ok = TRUE, input = input, phase = phase, message = NULL) }, error = function(err) {     record_condition(phase, input, err)     list(ok = FALSE, input = input, phase = phase, message = conditionMessage(err)) })
003: tryCatchList(expr, classes, parentenv, handlers)
004: tryCatchOne(expr, names, parentenv, handlers[[1L]])
005: value[[3L]](cond)
006: record_condition(phase, input, err)

================================================================================
[2026-05-07 16:09:52] rmd->docx
file: Rmd/anomalies/37-autoencoder-han_autoenc_lstm_ed.Rmd
message: Installation of Python not found, Python bindings not loaded.
See the Python "Order of Discovery" here: https://rstudio.github.io/reticulate/articles/versions.html#order-of-discovery.
call: NULL
stack:
001: run_phase(texs, "rmd->docx", convert_rmd_docx)
002: tryCatch({     converter(input)     list(ok = TRUE, input = input, phase = phase, message = NULL) }, error = function(err) {     record_condition(phase, input, err)     list(ok = FALSE, input = input, phase = phase, message = conditionMessage(err)) })
003: tryCatchList(expr, classes, parentenv, handlers)
004: tryCatchOne(expr, names, parentenv, handlers[[1L]])
005: value[[3L]](cond)
006: record_condition(phase, input, err)

================================================================================
[2026-05-07 16:09:53] rmd->docx
file: Rmd/anomalies/38-autoencoder-han_autoenc_stacked_ed.Rmd
message: Installation of Python not found, Python bindings not loaded.
See the Python "Order of Discovery" here: https://rstudio.github.io/reticulate/articles/versions.html#order-of-discovery.
call: NULL
stack:
001: run_phase(texs, "rmd->docx", convert_rmd_docx)
002: tryCatch({     converter(input)     list(ok = TRUE, input = input, phase = phase, message = NULL) }, error = function(err) {     record_condition(phase, input, err)     list(ok = FALSE, input = input, phase = phase, message = conditionMessage(err)) })
003: tryCatchList(expr, classes, parentenv, handlers)
004: tryCatchOne(expr, names, parentenv, handlers[[1L]])
005: value[[3L]](cond)
006: record_condition(phase, input, err)

================================================================================
[2026-05-07 16:09:54] rmd->docx
file: Rmd/anomalies/39-autoencoder-han_autoenc_variational_ed.Rmd
message: Installation of Python not found, Python bindings not loaded.
See the Python "Order of Discovery" here: https://rstudio.github.io/reticulate/articles/versions.html#order-of-discovery.
call: NULL
stack:
001: run_phase(texs, "rmd->docx", convert_rmd_docx)
002: tryCatch({     converter(input)     list(ok = TRUE, input = input, phase = phase, message = NULL) }, error = function(err) {     record_condition(phase, input, err)     list(ok = FALSE, input = input, phase = phase, message = conditionMessage(err)) })
003: tryCatchList(expr, classes, parentenv, handlers)
004: tryCatchOne(expr, names, parentenv, handlers[[1L]])
005: value[[3L]](cond)
006: record_condition(phase, input, err)

================================================================================
[2026-05-07 16:09:55] rmd->docx
file: Rmd/anomalies/40-autoencoder-han_autoenc_adv_ed.Rmd
message: Installation of Python not found, Python bindings not loaded.
See the Python "Order of Discovery" here: https://rstudio.github.io/reticulate/articles/versions.html#order-of-discovery.
call: NULL
stack:
001: run_phase(texs, "rmd->docx", convert_rmd_docx)
002: tryCatch({     converter(input)     list(ok = TRUE, input = input, phase = phase, message = NULL) }, error = function(err) {     record_condition(phase, input, err)     list(ok = FALSE, input = input, phase = phase, message = conditionMessage(err)) })
003: tryCatchList(expr, classes, parentenv, handlers)
004: tryCatchOne(expr, names, parentenv, handlers[[1L]])
005: value[[3L]](cond)
006: record_condition(phase, input, err)
